#
# A fatal error has been detected by the Java Runtime Environment:
#
#  Internal Error (safepoint.cpp:308), pid=15148, tid=12035
#  guarantee(PageArmed == 0) failed: invariant
#
# JRE version: Java(TM) SE Runtime Environment (8.0-b132) (build 1.8.0-b132)
# Java VM: Java HotSpot(TM) 64-Bit Server VM (25.0-b70 mixed mode bsd-amd64 compressed oops)
# Failed to write core dump. Core dumps have been disabled. To enable core dumping, try "ulimit -c unlimited" before starting Java again
#
# If you would like to submit a bug report, please visit:
#   http://bugreport.sun.com/bugreport/crash.jsp
#

---------------  T H R E A D  ---------------

Current thread (0x00007fec93007000):  VMThread [stack: 0x000000011afb1000,0x000000011b0b1000] [id=12035]

Stack: [0x000000011afb1000,0x000000011b0b1000],  sp=0x000000011b0b0910,  free space=1022k
Native frames: (J=compiled Java code, j=interpreted, Vv=VM code, C=native code)
V  [libjvm.dylib+0x55f36c]  VMError::report_and_die()+0x40a
V  [libjvm.dylib+0x1d2e4f]  report_vm_error(char const*, int, char const*, char const*)+0x54
V  [libjvm.dylib+0x498568]  SafepointSynchronize::begin()+0x2be
V  [libjvm.dylib+0x56525d]  VMThread::loop()+0x209
V  [libjvm.dylib+0x564ca3]  VMThread::run()+0x79
V  [libjvm.dylib+0x445786]  java_start(Thread*)+0xf6
C  [libsystem_pthread.dylib+0x1899]  _pthread_body+0x8a
C  [libsystem_pthread.dylib+0x172a]  _pthread_struct_init+0x0
C  [libsystem_pthread.dylib+0x5fc9]  thread_start+0xd


---------------  P R O C E S S  ---------------

Java Threads: ( => current thread )
  0x00007fec918a6000 JavaThread "Service Thread" daemon [_thread_blocked, id=19971, stack(0x000000011b814000,0x000000011b914000)]
  0x00007fec91881000 JavaThread "C1 CompilerThread2" daemon [_thread_blocked, id=19459, stack(0x000000011b711000,0x000000011b811000)]
  0x00007fec9183d800 JavaThread "C2 CompilerThread1" daemon [_thread_blocked, id=18947, stack(0x000000011b60e000,0x000000011b70e000)]
  0x00007fec9183d000 JavaThread "C2 CompilerThread0" daemon [_thread_blocked, id=18435, stack(0x000000011b50b000,0x000000011b60b000)]
  0x00007fec91862800 JavaThread "Signal Dispatcher" daemon [_thread_blocked, id=17923, stack(0x000000011b408000,0x000000011b508000)]
  0x00007fec92012800 JavaThread "Finalizer" daemon [_thread_blocked, id=13059, stack(0x000000011b1b7000,0x000000011b2b7000)]
  0x00007fec92011800 JavaThread "Reference Handler" daemon [_thread_blocked, id=12547, stack(0x000000011b0b4000,0x000000011b1b4000)]
  0x00007fec92007000 JavaThread "main" [_thread_in_Java, id=6915, stack(0x00000001076c0000,0x00000001077c0000)]

Other Threads:
=>0x00007fec93007000 VMThread [stack: 0x000000011afb1000,0x000000011b0b1000] [id=12035]
  0x00007fec91860000 WatcherThread [stack: 0x000000011b917000,0x000000011ba17000] [id=20483]

VM state:synchronizing (normal execution)

VM Mutex/Monitor currently owned by a thread:  ([mutex/lock_event])
[0x00007fec91502f80] Safepoint_lock - owner thread: 0x00007fec93007000
[0x00007fec91503000] Threads_lock - owner thread: 0x00007fec93007000

Heap:
 PSYoungGen      total 1024K, used 928K [0x00000007aab00000, 0x00000007aad00000, 0x00000007c0000000)
  eden space 512K, 90% used [0x00000007aab00000,0x00000007aab74160,0x00000007aab80000)
  from space 512K, 90% used [0x00000007aab80000,0x00000007aabf4010,0x00000007aac00000)
  to   space 512K, 0% used [0x00000007aac80000,0x00000007aac80000,0x00000007aad00000)
 ParOldGen       total 64000K, used 8K [0x0000000780000000, 0x0000000783e80000, 0x00000007aab00000)
  object space 64000K, 0% used [0x0000000780000000,0x0000000780002000,0x0000000783e80000)
 Metaspace       used 2726K, capacity 4486K, committed 4864K, reserved 1056768K
  class space    used 297K, capacity 386K, committed 512K, reserved 1048576K

Card table byte_map: [0x0000000116b82000,0x0000000116d83000] byte_map_base: 0x0000000112f82000

Marking Bits: (ParMarkBitMap*) 0x00000001070660a0
 Begin Bits: [0x00000001172e5000, 0x00000001182e5000)
 End Bits:   [0x00000001182e5000, 0x00000001192e5000)

Polling page: 0x0000000105fd9000

CodeCache: size=245760Kb used=1154Kb max_used=1165Kb free=244605Kb
 bounds [0x00000001077c2000, 0x0000000107a32000, 0x00000001167c2000]
 total_blobs=279 nmethods=46 adapters=149
 compilation: enabled

Compilation events (10 events):
Event: 0.158 Thread 0x00007fec91881000   42       1       java.io.File::getPath (5 bytes)
Event: 0.158 Thread 0x00007fec91881000 nmethod 42 0x00000001078e2190 code [0x00000001078e22e0, 0x00000001078e23f0]
Event: 0.158 Thread 0x00007fec91881000   43       1       java.lang.StringCoding$StringEncoder::requestedCharsetName (5 bytes)
Event: 0.158 Thread 0x00007fec91881000 nmethod 43 0x00000001078e1ed0 code [0x00000001078e2020, 0x00000001078e2130]
Event: 0.166 Thread 0x00007fec91881000   44 %     3       p::main @ 12 (43 bytes)
Event: 0.166 Thread 0x00007fec91881000 nmethod 44% 0x00000001078e18d0 code [0x00000001078e1a40, 0x00000001078e1d70]
Event: 0.166 Thread 0x00007fec91881000   45       3       p::main (43 bytes)
Event: 0.166 Thread 0x00007fec91881000 nmethod 45 0x00000001078e12d0 code [0x00000001078e1440, 0x00000001078e1750]
Event: 0.166 Thread 0x00007fec9183d000   46 %     4       p::main @ 12 (43 bytes)
Event: 0.170 Thread 0x00007fec9183d000 nmethod 46% 0x00000001078e0e90 code [0x00000001078e0fc0, 0x00000001078e1258]

GC Heap History (2 events):
Event: 0.111 GC heap before
{Heap before GC invocations=1 (full 0):
 PSYoungGen      total 1024K, used 512K [0x00000007aab00000, 0x00000007aac80000, 0x00000007c0000000)
  eden space 512K, 100% used [0x00000007aab00000,0x00000007aab80000,0x00000007aab80000)
  from space 512K, 0% used [0x00000007aac00000,0x00000007aac00000,0x00000007aac80000)
  to   space 512K, 0% used [0x00000007aab80000,0x00000007aab80000,0x00000007aac00000)
 ParOldGen       total 64000K, used 0K [0x0000000780000000, 0x0000000783e80000, 0x00000007aab00000)
  object space 64000K, 0% used [0x0000000780000000,0x0000000780000000,0x0000000783e80000)
 Metaspace       used 2485K, capacity 4480K, committed 4480K, reserved 1056768K
  class space    used 268K, capacity 384K, committed 384K, reserved 1048576K
Event: 0.113 GC heap after
Heap after GC invocations=1 (full 0):
 PSYoungGen      total 1024K, used 464K [0x00000007aab00000, 0x00000007aad00000, 0x00000007c0000000)
  eden space 512K, 0% used [0x00000007aab00000,0x00000007aab00000,0x00000007aab80000)
  from space 512K, 90% used [0x00000007aab80000,0x00000007aabf4010,0x00000007aac00000)
  to   space 512K, 0% used [0x00000007aac80000,0x00000007aac80000,0x00000007aad00000)
 ParOldGen       total 64000K, used 8K [0x0000000780000000, 0x0000000783e80000, 0x00000007aab00000)
  object space 64000K, 0% used [0x0000000780000000,0x0000000780002000,0x0000000783e80000)
 Metaspace       used 2485K, capacity 4480K, committed 4480K, reserved 1056768K
  class space    used 268K, capacity 384K, committed 384K, reserved 1048576K
}

Deoptimization events (0 events):
No events

Internal exceptions (10 events):
Event: 0.149 Thread 0x00007fec92007000 Exception <a 'java/util/zip/ZipException'> (0x00000007aab58c60) thrown at [/HUDSON/workspace/8-2-build-macosx-x86_64/jdk8/2238/hotspot/src/share/vm/prims/jni.cpp, line 716]
Event: 0.149 Thread 0x00007fec92007000 Exception <a 'java/security/PrivilegedActionException'> (0x00000007aab58e10) thrown at [/HUDSON/workspace/8-2-build-macosx-x86_64/jdk8/2238/hotspot/src/share/vm/prims/jvm.cpp, line 1248]
Event: 0.149 Thread 0x00007fec92007000 Exception <a 'java/security/PrivilegedActionException'> (0x00000007aab58fc8) thrown at [/HUDSON/workspace/8-2-build-macosx-x86_64/jdk8/2238/hotspot/src/share/vm/prims/jvm.cpp, line 1248]
Event: 0.154 Thread 0x00007fec92007000 Exception <a 'java/util/zip/ZipException'> (0x00000007aab59d10) thrown at [/HUDSON/workspace/8-2-build-macosx-x86_64/jdk8/2238/hotspot/src/share/vm/prims/jni.cpp, line 716]
Event: 0.154 Thread 0x00007fec92007000 Exception <a 'java/security/PrivilegedActionException'> (0x00000007aab59ec0) thrown at [/HUDSON/workspace/8-2-build-macosx-x86_64/jdk8/2238/hotspot/src/share/vm/prims/jvm.cpp, line 1248]
Event: 0.154 Thread 0x00007fec92007000 Exception <a 'java/security/PrivilegedActionException'> (0x00000007aab5a088) thrown at [/HUDSON/workspace/8-2-build-macosx-x86_64/jdk8/2238/hotspot/src/share/vm/prims/jvm.cpp, line 1248]
Event: 0.161 Thread 0x00007fec92007000 Exception <a 'java/util/zip/ZipException'> (0x00000007aab66cc0) thrown at [/HUDSON/workspace/8-2-build-macosx-x86_64/jdk8/2238/hotspot/src/share/vm/prims/jni.cpp, line 716]
Event: 0.161 Thread 0x00007fec92007000 Exception <a 'java/security/PrivilegedActionException'> (0x00000007aab66e70) thrown at [/HUDSON/workspace/8-2-build-macosx-x86_64/jdk8/2238/hotspot/src/share/vm/prims/jvm.cpp, line 1248]
Event: 0.161 Thread 0x00007fec92007000 Exception <a 'java/security/PrivilegedActionException'> (0x00000007aab67028) thrown at [/HUDSON/workspace/8-2-build-macosx-x86_64/jdk8/2238/hotspot/src/share/vm/prims/jvm.cpp, line 1248]
Event: 0.161 Thread 0x00007fec92007000 Exception <a 'java/security/PrivilegedActionException'> (0x00000007aab6d3e8) thrown at [/HUDSON/workspace/8-2-build-macosx-x86_64/jdk8/2238/hotspot/src/share/vm/prims/jvm.cpp, line 1248]

Events (10 events):
Event: 0.163 loading class java/security/AllPermission
Event: 0.163 loading class java/security/AllPermission done
Event: 0.163 loading class java/security/UnresolvedPermission
Event: 0.163 loading class java/security/UnresolvedPermission done
Event: 0.163 loading class java/security/BasicPermissionCollection
Event: 0.163 loading class java/security/BasicPermissionCollection done
Event: 0.164 loading class sun/launcher/LauncherHelper$FXHelper
Event: 0.164 loading class sun/launcher/LauncherHelper$FXHelper done
Event: 0.170 Thread 0x00007fec92007000 DEOPT PACKING pc=0x00000001078e1c88 sp=0x00000001077bf900
Event: 0.170 Thread 0x00007fec92007000 DEOPT UNPACKING pc=0x000000010780901a sp=0x00000001077bf638 mode 0


Dynamic libraries:
0x0000000006026000 	/System/Library/Frameworks/Cocoa.framework/Versions/A/Cocoa
0x0000000006026000 	/System/Library/Frameworks/Security.framework/Versions/A/Security
0x0000000006026000 	/System/Library/Frameworks/ApplicationServices.framework/Versions/A/ApplicationServices
0x0000000006026000 	/usr/lib/libz.1.dylib
0x0000000006026000 	/usr/lib/libSystem.B.dylib
0x0000000006026000 	/usr/lib/libobjc.A.dylib
0x0000000006026000 	/System/Library/Frameworks/CoreFoundation.framework/Versions/A/CoreFoundation
0x0000000006026000 	/System/Library/Frameworks/Foundation.framework/Versions/C/Foundation
0x0000000006026000 	/System/Library/Frameworks/AppKit.framework/Versions/C/AppKit
0x0000000006026000 	/System/Library/Frameworks/CoreData.framework/Versions/A/CoreData
0x0000000006026000 	/System/Library/PrivateFrameworks/RemoteViewServices.framework/Versions/A/RemoteViewServices
0x0000000006026000 	/System/Library/Frameworks/AudioToolbox.framework/Versions/A/AudioToolbox
0x0000000006026000 	/System/Library/Frameworks/AudioUnit.framework/Versions/A/AudioUnit
0x0000000006026000 	/System/Library/PrivateFrameworks/DataDetectorsCore.framework/Versions/A/DataDetectorsCore
0x0000000006026000 	/System/Library/PrivateFrameworks/DesktopServicesPriv.framework/Versions/A/DesktopServicesPriv
0x0000000006026000 	/System/Library/Frameworks/Carbon.framework/Versions/A/Frameworks/HIToolbox.framework/Versions/A/HIToolbox
0x0000000006026000 	/System/Library/Frameworks/QuartzCore.framework/Versions/A/QuartzCore
0x0000000006026000 	/System/Library/Frameworks/Carbon.framework/Versions/A/Frameworks/SpeechRecognition.framework/Versions/A/SpeechRecognition
0x0000000006026000 	/usr/lib/libauto.dylib
0x0000000006026000 	/usr/lib/libicucore.A.dylib
0x0000000006026000 	/usr/lib/libxml2.2.dylib
0x0000000006026000 	/System/Library/PrivateFrameworks/CoreUI.framework/Versions/A/CoreUI
0x0000000006026000 	/System/Library/Frameworks/CoreAudio.framework/Versions/A/CoreAudio
0x0000000006026000 	/System/Library/Frameworks/DiskArbitration.framework/Versions/A/DiskArbitration
0x0000000006026000 	/usr/lib/liblangid.dylib
0x0000000006026000 	/System/Library/PrivateFrameworks/MultitouchSupport.framework/Versions/A/MultitouchSupport
0x0000000006026000 	/System/Library/Frameworks/IOKit.framework/Versions/A/IOKit
0x0000000006026000 	/usr/lib/libDiagnosticMessagesClient.dylib
0x0000000006026000 	/System/Library/Frameworks/CoreServices.framework/Versions/A/CoreServices
0x0000000006026000 	/System/Library/PrivateFrameworks/PerformanceAnalysis.framework/Versions/A/PerformanceAnalysis
0x0000000006026000 	/System/Library/PrivateFrameworks/GenerationalStorage.framework/Versions/A/GenerationalStorage
0x0000000006026000 	/System/Library/Frameworks/OpenGL.framework/Versions/A/OpenGL
0x0000000006026000 	/System/Library/PrivateFrameworks/Sharing.framework/Versions/A/Sharing
0x0000000006026000 	/System/Library/Frameworks/ImageIO.framework/Versions/A/ImageIO
0x0000000006026000 	/System/Library/Frameworks/CoreText.framework/Versions/A/CoreText
0x0000000006026000 	/System/Library/Frameworks/CoreGraphics.framework/Versions/A/CoreGraphics
0x0000000006026000 	/System/Library/PrivateFrameworks/Backup.framework/Versions/A/Backup
0x0000000006026000 	/System/Library/Frameworks/CFNetwork.framework/Versions/A/CFNetwork
0x0000000006026000 	/System/Library/Frameworks/SystemConfiguration.framework/Versions/A/SystemConfiguration
0x0000000006026000 	/usr/lib/libCRFSuite.dylib
0x0000000006026000 	/usr/lib/libc++.1.dylib
0x0000000006026000 	/usr/lib/libc++abi.dylib
0x0000000006026000 	/usr/lib/system/libcache.dylib
0x0000000006026000 	/usr/lib/system/libcommonCrypto.dylib
0x0000000006026000 	/usr/lib/system/libcompiler_rt.dylib
0x0000000006026000 	/usr/lib/system/libcopyfile.dylib
0x0000000006026000 	/usr/lib/system/libcorecrypto.dylib
0x0000000006026000 	/usr/lib/system/libdispatch.dylib
0x0000000006026000 	/usr/lib/system/libdyld.dylib
0x0000000006026000 	/usr/lib/system/libkeymgr.dylib
0x0000000006026000 	/usr/lib/system/liblaunch.dylib
0x0000000006026000 	/usr/lib/system/libmacho.dylib
0x0000000006026000 	/usr/lib/system/libquarantine.dylib
0x0000000006026000 	/usr/lib/system/libremovefile.dylib
0x0000000006026000 	/usr/lib/system/libsystem_asl.dylib
0x0000000006026000 	/usr/lib/system/libsystem_blocks.dylib
0x0000000006026000 	/usr/lib/system/libsystem_c.dylib
0x0000000006026000 	/usr/lib/system/libsystem_configuration.dylib
0x0000000006026000 	/usr/lib/system/libsystem_dnssd.dylib
0x0000000006026000 	/usr/lib/system/libsystem_info.dylib
0x0000000006026000 	/usr/lib/system/libsystem_kernel.dylib
0x0000000006026000 	/usr/lib/system/libsystem_m.dylib
0x0000000006026000 	/usr/lib/system/libsystem_malloc.dylib
0x0000000006026000 	/usr/lib/system/libsystem_network.dylib
0x0000000006026000 	/usr/lib/system/libsystem_notify.dylib
0x0000000006026000 	/usr/lib/system/libsystem_platform.dylib
0x0000000006026000 	/usr/lib/system/libsystem_pthread.dylib
0x0000000006026000 	/usr/lib/system/libsystem_sandbox.dylib
0x0000000006026000 	/usr/lib/system/libsystem_stats.dylib
0x0000000006026000 	/usr/lib/system/libunc.dylib
0x0000000006026000 	/usr/lib/system/libunwind.dylib
0x0000000006026000 	/usr/lib/system/libxpc.dylib
0x0000000006026000 	/usr/lib/libbsm.0.dylib
0x0000000006026000 	/usr/lib/libsqlite3.dylib
0x0000000006026000 	/usr/lib/libxar.1.dylib
0x0000000006026000 	/usr/lib/libpam.2.dylib
0x0000000006026000 	/usr/lib/libOpenScriptingUtil.dylib
0x0000000006026000 	/usr/lib/libbz2.1.0.dylib
0x0000000006026000 	/System/Library/Frameworks/CoreServices.framework/Versions/A/Frameworks/CarbonCore.framework/Versions/A/CarbonCore
0x0000000006026000 	/System/Library/Frameworks/CoreServices.framework/Versions/A/Frameworks/Metadata.framework/Versions/A/Metadata
0x0000000006026000 	/System/Library/Frameworks/CoreServices.framework/Versions/A/Frameworks/OSServices.framework/Versions/A/OSServices
0x0000000006026000 	/System/Library/Frameworks/CoreServices.framework/Versions/A/Frameworks/SearchKit.framework/Versions/A/SearchKit
0x0000000006026000 	/System/Library/Frameworks/CoreServices.framework/Versions/A/Frameworks/AE.framework/Versions/A/AE
0x0000000006026000 	/System/Library/Frameworks/CoreServices.framework/Versions/A/Frameworks/LaunchServices.framework/Versions/A/LaunchServices
0x0000000006026000 	/System/Library/Frameworks/CoreServices.framework/Versions/A/Frameworks/DictionaryServices.framework/Versions/A/DictionaryServices
0x0000000006026000 	/System/Library/Frameworks/NetFS.framework/Versions/A/NetFS
0x0000000006026000 	/usr/lib/system/libkxld.dylib
0x0000000006026000 	/System/Library/PrivateFrameworks/NetAuth.framework/Versions/A/NetAuth
0x0000000006026000 	/System/Library/PrivateFrameworks/TCC.framework/Versions/A/TCC
0x0000000006026000 	/System/Library/Frameworks/OpenDirectory.framework/Versions/A/Frameworks/CFOpenDirectory.framework/Versions/A/CFOpenDirectory
0x0000000006026000 	/System/Library/Frameworks/ServiceManagement.framework/Versions/A/ServiceManagement
0x0000000006026000 	/usr/lib/libxslt.1.dylib
0x0000000006026000 	/System/Library/Frameworks/Carbon.framework/Versions/A/Frameworks/Ink.framework/Versions/A/Ink
0x0000000006026000 	/System/Library/Frameworks/ApplicationServices.framework/Versions/A/Frameworks/ATS.framework/Versions/A/ATS
0x0000000006026000 	/System/Library/Frameworks/ApplicationServices.framework/Versions/A/Frameworks/ColorSync.framework/Versions/A/ColorSync
0x0000000006026000 	/System/Library/Frameworks/ApplicationServices.framework/Versions/A/Frameworks/HIServices.framework/Versions/A/HIServices
0x0000000006026000 	/System/Library/Frameworks/ApplicationServices.framework/Versions/A/Frameworks/LangAnalysis.framework/Versions/A/LangAnalysis
0x0000000006026000 	/System/Library/Frameworks/ApplicationServices.framework/Versions/A/Frameworks/PrintCore.framework/Versions/A/PrintCore
0x0000000006026000 	/System/Library/Frameworks/ApplicationServices.framework/Versions/A/Frameworks/QD.framework/Versions/A/QD
0x0000000006026000 	/System/Library/Frameworks/ApplicationServices.framework/Versions/A/Frameworks/SpeechSynthesis.framework/Versions/A/SpeechSynthesis
0x0000000006026000 	/System/Library/Frameworks/IOSurface.framework/Versions/A/IOSurface
0x0000000006026000 	/System/Library/Frameworks/Accelerate.framework/Versions/A/Accelerate
0x0000000006026000 	/System/Library/Frameworks/Accelerate.framework/Versions/A/Frameworks/vImage.framework/Versions/A/vImage
0x0000000006026000 	/System/Library/Frameworks/Accelerate.framework/Versions/A/Frameworks/vecLib.framework/Versions/A/vecLib
0x0000000006026000 	/System/Library/Frameworks/Accelerate.framework/Versions/A/Frameworks/vecLib.framework/Versions/A/libvDSP.dylib
0x0000000006026000 	/System/Library/Frameworks/Accelerate.framework/Versions/A/Frameworks/vecLib.framework/Versions/A/libvMisc.dylib
0x0000000006026000 	/System/Library/Frameworks/Accelerate.framework/Versions/A/Frameworks/vecLib.framework/Versions/A/libLAPACK.dylib
0x0000000006026000 	/System/Library/Frameworks/Accelerate.framework/Versions/A/Frameworks/vecLib.framework/Versions/A/libBLAS.dylib
0x0000000006026000 	/System/Library/Frameworks/ApplicationServices.framework/Versions/A/Frameworks/ATS.framework/Versions/A/Resources/libFontParser.dylib
0x0000000006026000 	/System/Library/Frameworks/ApplicationServices.framework/Versions/A/Frameworks/ATS.framework/Versions/A/Resources/libFontRegistry.dylib
0x0000000006026000 	/System/Library/Frameworks/ImageIO.framework/Versions/A/Resources/libJPEG.dylib
0x0000000006026000 	/System/Library/Frameworks/ImageIO.framework/Versions/A/Resources/libTIFF.dylib
0x0000000006026000 	/System/Library/Frameworks/ImageIO.framework/Versions/A/Resources/libPng.dylib
0x0000000006026000 	/System/Library/Frameworks/ImageIO.framework/Versions/A/Resources/libGIF.dylib
0x0000000006026000 	/System/Library/Frameworks/ImageIO.framework/Versions/A/Resources/libJP2.dylib
0x0000000006026000 	/System/Library/Frameworks/ImageIO.framework/Versions/A/Resources/libRadiance.dylib
0x0000000006026000 	/usr/lib/libcups.2.dylib
0x0000000006026000 	/System/Library/Frameworks/Kerberos.framework/Versions/A/Kerberos
0x0000000006026000 	/System/Library/Frameworks/GSS.framework/Versions/A/GSS
0x0000000006026000 	/usr/lib/libresolv.9.dylib
0x0000000006026000 	/usr/lib/libiconv.2.dylib
0x0000000006026000 	/System/Library/PrivateFrameworks/Heimdal.framework/Versions/A/Heimdal
0x0000000006026000 	/System/Library/PrivateFrameworks/TrustEvaluationAgent.framework/Versions/A/TrustEvaluationAgent
0x0000000006026000 	/usr/lib/libheimdal-asn1.dylib
0x0000000006026000 	/System/Library/Frameworks/OpenDirectory.framework/Versions/A/OpenDirectory
0x0000000006026000 	/System/Library/PrivateFrameworks/CommonAuth.framework/Versions/A/CommonAuth
0x0000000006026000 	/System/Library/Frameworks/SecurityFoundation.framework/Versions/A/SecurityFoundation
0x0000000006026000 	/System/Library/PrivateFrameworks/Bom.framework/Versions/A/Bom
0x0000000006026000 	/System/Library/Frameworks/CoreVideo.framework/Versions/A/CoreVideo
0x0000000006026000 	/System/Library/Frameworks/QuartzCore.framework/Versions/A/Frameworks/CoreImage.framework/Versions/A/CoreImage
0x0000000006026000 	/System/Library/Frameworks/QuartzCore.framework/Versions/A/Frameworks/ScalableUserInterface.framework/Versions/A/ScalableUserInterface
0x0000000006026000 	/System/Library/Frameworks/OpenGL.framework/Versions/A/Libraries/libGLU.dylib
0x0000000006026000 	/System/Library/Frameworks/OpenGL.framework/Versions/A/Libraries/libGFXShared.dylib
0x0000000006026000 	/System/Library/Frameworks/OpenGL.framework/Versions/A/Libraries/libGL.dylib
0x0000000006026000 	/System/Library/Frameworks/OpenGL.framework/Versions/A/Libraries/libGLImage.dylib
0x0000000006026000 	/System/Library/Frameworks/OpenGL.framework/Versions/A/Libraries/libCVMSPluginSupport.dylib
0x0000000006026000 	/System/Library/Frameworks/OpenGL.framework/Versions/A/Libraries/libCoreVMClient.dylib
0x0000000006026000 	/System/Library/PrivateFrameworks/FaceCore.framework/Versions/A/FaceCore
0x0000000006026000 	/System/Library/PrivateFrameworks/CrashReporterSupport.framework/Versions/A/CrashReporterSupport
0x0000000006026000 	/System/Library/Frameworks/OpenCL.framework/Versions/A/OpenCL
0x0000000006026000 	/System/Library/PrivateFrameworks/AppleFSCompression.framework/Versions/A/AppleFSCompression
0x0000000006026000 	/System/Library/PrivateFrameworks/Ubiquity.framework/Versions/A/Ubiquity
0x0000000006026000 	/System/Library/PrivateFrameworks/IconServices.framework/Versions/A/IconServices
0x0000000006026000 	/System/Library/PrivateFrameworks/ChunkingLibrary.framework/Versions/A/ChunkingLibrary
0x0000000006026000 	/System/Library/PrivateFrameworks/CoreSymbolication.framework/Versions/A/CoreSymbolication
0x0000000006026000 	/System/Library/PrivateFrameworks/Symbolication.framework/Versions/A/Symbolication
0x0000000006026000 	/System/Library/PrivateFrameworks/DebugSymbols.framework/Versions/A/DebugSymbols
0x0000000106800000 	/Library/Java/JavaVirtualMachines/jdk1.8.0.jdk/Contents/Home/jre/lib/server/libjvm.dylib
0x0000000006026000 	/usr/lib/libstdc++.6.dylib
0x0000000105f97000 	/Library/Java/JavaVirtualMachines/jdk1.8.0.jdk/Contents/Home/jre/lib/libverify.dylib
0x0000000105fa5000 	/Library/Java/JavaVirtualMachines/jdk1.8.0.jdk/Contents/Home/jre/lib/libjava.dylib
0x0000000105fe3000 	/Library/Java/JavaVirtualMachines/jdk1.8.0.jdk/Contents/Home/jre/lib/libzip.dylib
0x000000011b2b9000 	/System/Library/Frameworks/JavaVM.framework/Frameworks/JavaRuntimeSupport.framework/JavaRuntimeSupport
0x000000011b2d1000 	/System/Library/Frameworks/JavaVM.framework/Versions/A/Frameworks/JavaNativeFoundation.framework/Versions/A/JavaNativeFoundation
0x000000011b2e6000 	/System/Library/Frameworks/JavaVM.framework/Versions/A/JavaVM
0x0000000006026000 	/System/Library/Frameworks/Carbon.framework/Versions/A/Carbon
0x000000011b2f3000 	/System/Library/PrivateFrameworks/JavaLaunching.framework/Versions/A/JavaLaunching
0x0000000006026000 	/System/Library/Frameworks/Carbon.framework/Versions/A/Frameworks/CommonPanels.framework/Versions/A/CommonPanels
0x0000000006026000 	/System/Library/Frameworks/Carbon.framework/Versions/A/Frameworks/Help.framework/Versions/A/Help
0x0000000006026000 	/System/Library/Frameworks/Carbon.framework/Versions/A/Frameworks/ImageCapture.framework/Versions/A/ImageCapture
0x0000000006026000 	/System/Library/Frameworks/Carbon.framework/Versions/A/Frameworks/OpenScripting.framework/Versions/A/OpenScripting
0x0000000006026000 	/System/Library/Frameworks/Carbon.framework/Versions/A/Frameworks/Print.framework/Versions/A/Print
0x0000000006026000 	/System/Library/Frameworks/Carbon.framework/Versions/A/Frameworks/SecurityHI.framework/Versions/A/SecurityHI

VM Arguments:
jvm_args: -Dfile.encoding=UTF-8 
java_command: p
java_class_path (initial): /Users/Devanshu/NetBeansProjects/JavaApplication5/build/classes
Launcher Type: SUN_STANDARD

Environment Variables:
PATH=/usr/bin:/bin:/usr/sbin:/sbin
LD_LIBRARY_PATH=/Library/Java/JavaVirtualMachines/jdk1.8.0.jdk/Contents/Home/jre/lib/amd64:/Library/Java/JavaVirtualMachines/jdk1.8.0.jdk/Contents/Home/jre/lib/i386:
SHELL=/bin/bash
DYLD_LIBRARY_PATH=/Applications/NetBeans/NetBeans 7.4.app/Contents/Resources/NetBeans/webcommon/bin:

Signal Handlers:
SIGSEGV: [libjvm.dylib+0x55faef], sa_mask[0]=0xfffefeff, sa_flags=0x00000043
SIGBUS: [libjvm.dylib+0x55faef], sa_mask[0]=0xfffefeff, sa_flags=0x00000042
SIGFPE: [libjvm.dylib+0x44305a], sa_mask[0]=0xfffefeff, sa_flags=0x00000042
SIGPIPE: [libjvm.dylib+0x44305a], sa_mask[0]=0xfffefeff, sa_flags=0x00000042
SIGXFSZ: [libjvm.dylib+0x44305a], sa_mask[0]=0xfffefeff, sa_flags=0x00000042
SIGILL: [libjvm.dylib+0x44305a], sa_mask[0]=0xfffefeff, sa_flags=0x00000042
SIGUSR1: SIG_DFL, sa_mask[0]=0x00000000, sa_flags=0x00000002
SIGUSR2: [libjvm.dylib+0x442b78], sa_mask[0]=0x00000004, sa_flags=0x00000042
SIGHUP: [libjvm.dylib+0x440f05], sa_mask[0]=0xfffefeff, sa_flags=0x00000042
SIGINT: SIG_IGN, sa_mask[0]=0x00000000, sa_flags=0x00000000
SIGTERM: [libjvm.dylib+0x440f05], sa_mask[0]=0xfffefeff, sa_flags=0x00000042
SIGQUIT: [libjvm.dylib+0x440f05], sa_mask[0]=0xfffefeff, sa_flags=0x00000042


---------------  S Y S T E M  ---------------

OS:Bsduname:Darwin 13.0.0 Darwin Kernel Version 13.0.0: Thu Sep 19 22:22:27 PDT 2013; root:xnu-2422.1.72~6/RELEASE_X86_64 x86_64
rlimit: STACK 8192k, CORE 0k, NPROC 709, NOFILE 10240, AS infinity
load average:2.74 3.29 2.87

CPU:total 4 (2 cores per cpu, 2 threads per core) family 6 model 69 stepping 1, cmov, cx8, fxsr, mmx, sse, sse2, sse3, ssse3, sse4.1, sse4.2, popcnt, avx, avx2, aes, clmul, erms, ht, tsc, tscinvbit

Memory: 4k page, physical 4194304k(92060k free)

/proc/meminfo:


vm_info: Java HotSpot(TM) 64-Bit Server VM (25.0-b70) for bsd-amd64 JRE (1.8.0-b132), built on Mar  4 2014 03:11:43 by "java_re" with gcc 4.2.1 (Based on Apple Inc. build 5658) (LLVM build 2336.11.00)

time: Sun Mar 30 02:36:32 2014
elapsed time: 915 seconds

